#
# A fatal error has been detected by the Java Runtime Environment:
#
#  EXCEPTION_ACCESS_VIOLATION (0xc0000005) at pc=0x51ffc85b, pid=252, tid=5756
#
# JRE version: Java(TM) SE Runtime Environment (8.0_40-b25) (build 1.8.0_40-b25)
# Java VM: Java HotSpot(TM) Client VM (25.40-b25 mixed mode windows-x86 )
# Problematic frame:
# C  [hello.dll+0x2c85b]  Java_JavaAssignment_sayBoolean+0x7b
#
# Failed to write core dump. Minidumps are not enabled by default on client versions of Windows
#
# If you would like to submit a bug report, please visit:
#   http://bugreport.java.com/bugreport/crash.jsp
# The crash happened outside the Java Virtual Machine in native code.
# See problematic frame for where to report the bug.
#

---------------  T H R E A D  ---------------

Current thread (0x0082c000):  JavaThread "main" [_thread_in_native, id=5756, stack(0x007b0000,0x00800000)]

siginfo: ExceptionCode=0xc0000005, reading address 0xcdcdcdcd

Registers:
EAX=0x00000000, EBX=0x0975a2b0, ECX=0x005ec360, EDX=0xcdcdcdcd
ESP=0x007ff614, EBP=0x007ff728, ESI=0x0975e610, EDI=0x007ff728
EIP=0x51ffc85b, EFLAGS=0x00010293

Top of Stack: (sp=0x007ff614)
0x007ff614:   0082c000 0975e610 0975a2b0 cccccccc
0x007ff624:   cccccccc cccccccc cccccccc cccccccc
0x007ff634:   cccccccc cccccccc cccccccc cccccccc
0x007ff644:   cccccccc cccccccc cccccccc cccccccc
0x007ff654:   cccccccc cccccccc cccccccc cccccccc
0x007ff664:   cccccccc cccccccc cccccccc cccccccc
0x007ff674:   cccccccc cccccccc cccccccc cccccccc
0x007ff684:   cccccccc cccccccc cccccccc cccccccc 

Instructions: (pc=0x51ffc85b)
0x51ffc83b:   8b 45 d4 83 c0 01 89 45 d4 8b 45 d4 3b 45 ec 7d
0x51ffc84b:   21 8b 45 e0 8b 0d c0 19 01 52 8b 14 81 8b 45 d4
0x51ffc85b:   0f be 0c 02 83 f9 41 75 07 c6 05 91 19 01 52 01
0x51ffc86b:   eb ce eb b2 c7 45 c8 00 00 00 00 eb 09 8b 45 c8 


Register to memory mapping:

EAX=0x00000000 is an unknown value
EBX=0x0975a2b0 is an oop
java.lang.Class 
 - klass: 'java/lang/Class'
ECX=0x005ec360 is an unknown value
EDX=0xcdcdcdcd is an unknown value
ESP=0x007ff614 is pointing into the stack for thread: 0x0082c000
EBP=0x007ff728 is pointing into the stack for thread: 0x0082c000
ESI=0x0975e610 is an oop
java.lang.Boolean 
 - klass: 'java/lang/Boolean'
EDI=0x007ff728 is pointing into the stack for thread: 0x0082c000


Stack: [0x007b0000,0x00800000],  sp=0x007ff614,  free space=317k
Native frames: (J=compiled Java code, j=interpreted, Vv=VM code, C=native code)
C  [hello.dll+0x2c85b]  Java_JavaAssignment_sayBoolean+0x7b
J 108  JavaAssignment.sayBoolean(Z)Z (0 bytes) @ 0x02239597 [0x02239510+0x87]
J 109% C1 JavaAssignment.main([Ljava/lang/String;)V (351 bytes) @ 0x0224100c [0x02240ae0+0x52c]
v  ~StubRoutines::call_stub
V  [jvm.dll+0x155c05]
V  [jvm.dll+0x21b0be]
V  [jvm.dll+0x155c9e]
V  [jvm.dll+0xdab27]
V  [jvm.dll+0xe30cf]
C  [java.exe+0x228d]
C  [java.exe+0xadef]
C  [java.exe+0xae79]
C  [KERNEL32.DLL+0x1919f]
C  [ntdll.dll+0x5b54f]
C  [ntdll.dll+0x5b51a]
C  0x00000000

Java frames: (J=compiled Java code, j=interpreted, Vv=VM code)
J 108  JavaAssignment.sayBoolean(Z)Z (0 bytes) @ 0x02239553 [0x02239510+0x43]
J 109% C1 JavaAssignment.main([Ljava/lang/String;)V (351 bytes) @ 0x0224100c [0x02240ae0+0x52c]
v  ~StubRoutines::call_stub

---------------  P R O C E S S  ---------------

Java Threads: ( => current thread )
  0x14776c00 JavaThread "Thread-0" [_thread_in_native, id=2480, stack(0x14d30000,0x14d80000)]
  0x14770c00 JavaThread "Service Thread" daemon [_thread_blocked, id=5876, stack(0x14c10000,0x14c60000)]
  0x1477a800 JavaThread "C1 CompilerThread0" daemon [_thread_blocked, id=764, stack(0x14b80000,0x14bd0000)]
  0x14779400 JavaThread "Attach Listener" daemon [_thread_blocked, id=6224, stack(0x14af0000,0x14b40000)]
  0x14777400 JavaThread "Signal Dispatcher" daemon [_thread_blocked, id=7164, stack(0x14a60000,0x14ab0000)]
  0x14746c00 JavaThread "Finalizer" daemon [_thread_blocked, id=7020, stack(0x149d0000,0x14a20000)]
  0x020de800 JavaThread "Reference Handler" daemon [_thread_blocked, id=6608, stack(0x14940000,0x14990000)]
=>0x0082c000 JavaThread "main" [_thread_in_native, id=5756, stack(0x007b0000,0x00800000)]

Other Threads:
  0x020dbc00 VMThread [stack: 0x146f0000,0x14740000] [id=1384]
  0x14774800 WatcherThread [stack: 0x14ca0000,0x14cf0000] [id=732]

VM state:not at safepoint (normal execution)

VM Mutex/Monitor currently owned by a thread: None

Heap:
 def new generation   total 4928K, used 89K [0x04200000, 0x04750000, 0x09750000)
  eden space 4416K,   2% used [0x04200000, 0x042162b0, 0x04650000)
  from space 512K,   0% used [0x046d0000, 0x046d0158, 0x04750000)
  to   space 512K,   0% used [0x04650000, 0x04650000, 0x046d0000)
 tenured generation   total 10944K, used 254K [0x09750000, 0x0a200000, 0x14200000)
   the space 10944K,   2% used [0x09750000, 0x0978fb08, 0x0978fc00, 0x0a200000)
 Metaspace       used 1583K, capacity 2248K, committed 2368K, reserved 4480K

Card table byte_map: [0x14200000,0x14290000] byte_map_base: 0x141df000

Polling page: 0x00800000

CodeCache: size=32768Kb used=783Kb max_used=783Kb free=31984Kb
 bounds [0x02180000, 0x02248000, 0x04180000]
 total_blobs=246 nmethods=109 adapters=69
 compilation: enabled

Compilation events (10 events):
Event: 0.197 Thread 0x1477a800  104             java.io.PrintStream::print (13 bytes)
Event: 0.197 Thread 0x1477a800 nmethod 104 0x0223ec48 code [0x0223ed50, 0x0223edec]
Event: 0.197 Thread 0x1477a800  105   !         java.io.PrintStream::write (83 bytes)
Event: 0.198 Thread 0x1477a800 nmethod 105 0x0223ee48 code [0x0223efc0, 0x0223f3c4]
Event: 0.198 Thread 0x1477a800  106   !         java.io.PrintStream::newLine (73 bytes)
Event: 0.198 Thread 0x1477a800 nmethod 106 0x0223f988 code [0x0223faf0, 0x0223feb8]
Event: 0.198 Thread 0x1477a800  107             java.io.BufferedWriter::newLine (9 bytes)
Event: 0.198 Thread 0x1477a800 nmethod 107 0x02240408 code [0x02240510, 0x022405bc]
Event: 0.903 Thread 0x1477a800  109 % !         JavaAssignment::main @ 79 (351 bytes)
Event: 0.905 Thread 0x1477a800 nmethod 109% 0x022406c8 code [0x02240ae0, 0x02241f68]

GC Heap History (10 events):
Event: 4.763 GC heap before
{Heap before GC invocations=12 (full 0):
 def new generation   total 4928K, used 4671K [0x04200000, 0x04750000, 0x09750000)
  eden space 4416K, 100% used [0x04200000, 0x04650000, 0x04650000)
  from space 512K,  49% used [0x04650000, 0x0468fc60, 0x046d0000)
  to   space 512K,   0% used [0x046d0000, 0x046d0000, 0x04750000)
 tenured generation   total 10944K, used 0K [0x09750000, 0x0a200000, 0x14200000)
   the space 10944K,   0% used [0x09750000, 0x09750000, 0x09750200, 0x0a200000)
 Metaspace       used 1583K, capacity 2248K, committed 2368K, reserved 4480K
Event: 4.764 GC heap after
Heap after GC invocations=13 (full 0):
 def new generation   total 4928K, used 255K [0x04200000, 0x04750000, 0x09750000)
  eden space 4416K,   0% used [0x04200000, 0x04200000, 0x04650000)
  from space 512K,  49% used [0x046d0000, 0x0470fe18, 0x04750000)
  to   space 512K,   0% used [0x04650000, 0x04650000, 0x046d0000)
 tenured generation   total 10944K, used 0K [0x09750000, 0x0a200000, 0x14200000)
   the space 10944K,   0% used [0x09750000, 0x09750000, 0x09750200, 0x0a200000)
 Metaspace       used 1583K, capacity 2248K, committed 2368K, reserved 4480K
}
Event: 5.117 GC heap before
{Heap before GC invocations=13 (full 0):
 def new generation   total 4928K, used 4671K [0x04200000, 0x04750000, 0x09750000)
  eden space 4416K, 100% used [0x04200000, 0x04650000, 0x04650000)
  from space 512K,  49% used [0x046d0000, 0x0470fe18, 0x04750000)
  to   space 512K,   0% used [0x04650000, 0x04650000, 0x046d0000)
 tenured generation   total 10944K, used 0K [0x09750000, 0x0a200000, 0x14200000)
   the space 10944K,   0% used [0x09750000, 0x09750000, 0x09750200, 0x0a200000)
 Metaspace       used 1583K, capacity 2248K, committed 2368K, reserved 4480K
Event: 5.117 GC heap after
Heap after GC invocations=14 (full 0):
 def new generation   total 4928K, used 255K [0x04200000, 0x04750000, 0x09750000)
  eden space 4416K,   0% used [0x04200000, 0x04200000, 0x04650000)
  from space 512K,  49% used [0x04650000, 0x0468fe20, 0x046d0000)
  to   space 512K,   0% used [0x046d0000, 0x046d0000, 0x04750000)
 tenured generation   total 10944K, used 0K [0x09750000, 0x0a200000, 0x14200000)
   the space 10944K,   0% used [0x09750000, 0x09750000, 0x09750200, 0x0a200000)
 Metaspace       used 1583K, capacity 2248K, committed 2368K, reserved 4480K
}
Event: 5.477 GC heap before
{Heap before GC invocations=14 (full 0):
 def new generation   total 4928K, used 4671K [0x04200000, 0x04750000, 0x09750000)
  eden space 4416K, 100% used [0x04200000, 0x04650000, 0x04650000)
  from space 512K,  49% used [0x04650000, 0x0468fe20, 0x046d0000)
  to   space 512K,   0% used [0x046d0000, 0x046d0000, 0x04750000)
 tenured generation   total 10944K, used 0K [0x09750000, 0x0a200000, 0x14200000)
   the space 10944K,   0% used [0x09750000, 0x09750000, 0x09750200, 0x0a200000)
 Metaspace       used 1583K, capacity 2248K, committed 2368K, reserved 4480K
Event: 5.478 GC heap after
Heap after GC invocations=15 (full 0):
 def new generation   total 4928K, used 255K [0x04200000, 0x04750000, 0x09750000)
  eden space 4416K,   0% used [0x04200000, 0x04200000, 0x04650000)
  from space 512K,  49% used [0x046d0000, 0x0470fc60, 0x04750000)
  to   space 512K,   0% used [0x04650000, 0x04650000, 0x046d0000)
 tenured generation   total 10944K, used 0K [0x09750000, 0x0a200000, 0x14200000)
   the space 10944K,   0% used [0x09750000, 0x09750000, 0x09750200, 0x0a200000)
 Metaspace       used 1583K, capacity 2248K, committed 2368K, reserved 4480K
}
Event: 5.865 GC heap before
{Heap before GC invocations=15 (full 0):
 def new generation   total 4928K, used 4671K [0x04200000, 0x04750000, 0x09750000)
  eden space 4416K, 100% used [0x04200000, 0x04650000, 0x04650000)
  from space 512K,  49% used [0x046d0000, 0x0470fc60, 0x04750000)
  to   space 512K,   0% used [0x04650000, 0x04650000, 0x046d0000)
 tenured generation   total 10944K, used 0K [0x09750000, 0x0a200000, 0x14200000)
   the space 10944K,   0% used [0x09750000, 0x09750000, 0x09750200, 0x0a200000)
 Metaspace       used 1583K, capacity 2248K, committed 2368K, reserved 4480K
Event: 5.866 GC heap after
Heap after GC invocations=16 (full 0):
 def new generation   total 4928K, used 0K [0x04200000, 0x04750000, 0x09750000)
  eden space 4416K,   0% used [0x04200000, 0x04200000, 0x04650000)
  from space 512K,   0% used [0x04650000, 0x046502e8, 0x046d0000)
  to   space 512K,   0% used [0x046d0000, 0x046d0000, 0x04750000)
 tenured generation   total 10944K, used 254K [0x09750000, 0x0a200000, 0x14200000)
   the space 10944K,   2% used [0x09750000, 0x0978fb08, 0x0978fc00, 0x0a200000)
 Metaspace       used 1583K, capacity 2248K, committed 2368K, reserved 4480K
}
Event: 6.273 GC heap before
{Heap before GC invocations=16 (full 0):
 def new generation   total 4928K, used 4416K [0x04200000, 0x04750000, 0x09750000)
  eden space 4416K, 100% used [0x04200000, 0x04650000, 0x04650000)
  from space 512K,   0% used [0x04650000, 0x046502e8, 0x046d0000)
  to   space 512K,   0% used [0x046d0000, 0x046d0000, 0x04750000)
 tenured generation   total 10944K, used 254K [0x09750000, 0x0a200000, 0x14200000)
   the space 10944K,   2% used [0x09750000, 0x0978fb08, 0x0978fc00, 0x0a200000)
 Metaspace       used 1583K, capacity 2248K, committed 2368K, reserved 4480K
Event: 6.274 GC heap after
Heap after GC invocations=17 (full 0):
 def new generation   total 4928K, used 0K [0x04200000, 0x04750000, 0x09750000)
  eden space 4416K,   0% used [0x04200000, 0x04200000, 0x04650000)
  from space 512K,   0% used [0x046d0000, 0x046d0158, 0x04750000)
  to   space 512K,   0% used [0x04650000, 0x04650000, 0x046d0000)
 tenured generation   total 10944K, used 254K [0x09750000, 0x0a200000, 0x14200000)
   the space 10944K,   2% used [0x09750000, 0x0978fb08, 0x0978fc00, 0x0a200000)
 Metaspace       used 1583K, capacity 2248K, committed 2368K, reserved 4480K
}

Deoptimization events (0 events):
No events

Internal exceptions (2 events):
Event: 0.028 Thread 0x0082c000 Exception <a 'java/lang/NoSuchMethodError': Method sun.misc.Unsafe.defineClass(Ljava/lang/String;[BII)Ljava/lang/Class; name or signature does not match> (0x0420be20) thrown at [D:\re\puppet\workspace\8-2-build-windows-i586-cygwin\jdk8u40\2855\hotspot\src\æÆw§â#ù?
Event: 0.028 Thread 0x0082c000 Exception <a 'java/lang/NoSuchMethodError': Method sun.misc.Unsafe.prefetchRead(Ljava/lang/Object;J)V name or signature does not match> (0x0420c0a0) thrown at [D:\re\puppet\workspace\8-2-build-windows-i586-cygwin\jdk8u40\2855\hotspot\src\share\vm\prims\jni

Events (10 events):
Event: 4.763 Executing VM operation: GenCollectForAllocation
Event: 4.764 Executing VM operation: GenCollectForAllocation done
Event: 5.116 Executing VM operation: GenCollectForAllocation
Event: 5.117 Executing VM operation: GenCollectForAllocation done
Event: 5.477 Executing VM operation: GenCollectForAllocation
Event: 5.478 Executing VM operation: GenCollectForAllocation done
Event: 5.865 Executing VM operation: GenCollectForAllocation
Event: 5.866 Executing VM operation: GenCollectForAllocation done
Event: 6.273 Executing VM operation: GenCollectForAllocation
Event: 6.274 Executing VM operation: GenCollectForAllocation done


Dynamic libraries:
0x00300000 - 0x00333000 	C:\Program Files (x86)\Java\jdk1.8.0_40\bin\java.exe
0x77520000 - 0x7768e000 	C:\Windows\SYSTEM32\ntdll.dll
0x75070000 - 0x751b0000 	C:\Windows\SYSTEM32\KERNEL32.DLL
0x755f0000 - 0x756c0000 	C:\Windows\SYSTEM32\KERNELBASE.dll
0x6dd60000 - 0x6ddf9000 	C:\Windows\system32\apphelp.dll
0x5d9e0000 - 0x5dc39000 	C:\Windows\AppPatch\AcGenral.DLL
0x75a20000 - 0x75ade000 	C:\Windows\SYSTEM32\msvcrt.dll
0x751b0000 - 0x751ee000 	C:\Windows\SYSTEM32\sechost.dll
0x74f10000 - 0x74f2d000 	C:\Windows\SYSTEM32\SspiCli.dll
0x77230000 - 0x77271000 	C:\Windows\SYSTEM32\SHLWAPI.dll
0x6eed0000 - 0x6efab000 	C:\Windows\SYSTEM32\UxTheme.dll
0x75710000 - 0x7585c000 	C:\Windows\SYSTEM32\USER32.dll
0x754c0000 - 0x755c7000 	C:\Windows\SYSTEM32\GDI32.dll
0x74800000 - 0x74820000 	C:\Windows\SYSTEM32\WINMM.dll
0x6db90000 - 0x6dba2000 	C:\Windows\SYSTEM32\samcli.dll
0x76e80000 - 0x76f8c000 	C:\Windows\SYSTEM32\ole32.dll
0x75900000 - 0x75995000 	C:\Windows\SYSTEM32\OLEAUT32.dll
0x6d890000 - 0x6d8a5000 	C:\Windows\SYSTEM32\MSACM32.dll
0x74c90000 - 0x74c98000 	C:\Windows\SYSTEM32\VERSION.dll
0x75c30000 - 0x76de7000 	C:\Windows\SYSTEM32\SHELL32.dll
0x73480000 - 0x73499000 	C:\Windows\SYSTEM32\USERENV.dll
0x6f550000 - 0x6f568000 	C:\Windows\SYSTEM32\dwmapi.dll
0x6d380000 - 0x6d4ac000 	C:\Windows\SYSTEM32\urlmon.dll
0x759a0000 - 0x75a18000 	C:\Windows\SYSTEM32\ADVAPI32.dll
0x6f210000 - 0x6f26e000 	C:\Windows\SYSTEM32\WINSPOOL.DRV
0x6f9c0000 - 0x6f9d4000 	C:\Windows\SYSTEM32\MPR.dll
0x74fc0000 - 0x75070000 	C:\Windows\SYSTEM32\RPCRT4.dll
0x74f00000 - 0x74f09000 	C:\Windows\SYSTEM32\CRYPTBASE.dll
0x751f0000 - 0x7533e000 	C:\Windows\SYSTEM32\combase.dll
0x735a0000 - 0x735c0000 	C:\Windows\SYSTEM32\WINMMBASE.dll
0x734f0000 - 0x734fe000 	C:\Windows\SYSTEM32\profapi.dll
0x72cf0000 - 0x72f0b000 	C:\Windows\SYSTEM32\iertutil.dll
0x73120000 - 0x732e2000 	C:\Windows\SYSTEM32\WININET.dll
0x74ea0000 - 0x74ef2000 	C:\Windows\SYSTEM32\bcryptPrimitives.dll
0x75860000 - 0x7589a000 	C:\Windows\SYSTEM32\cfgmgr32.dll
0x73580000 - 0x7359f000 	C:\Windows\SYSTEM32\DEVOBJ.dll
0x73500000 - 0x73576000 	C:\Windows\SYSTEM32\SHCORE.DLL
0x75410000 - 0x75435000 	C:\Windows\system32\IMM32.DLL
0x76f90000 - 0x770a2000 	C:\Windows\SYSTEM32\MSCTF.dll
0x6fe60000 - 0x70046000 	C:\Windows\WinSxS\x86_microsoft.windows.common-controls_6595b64144ccf1df_6.0.9600.17031_none_a9efdb8b01377ea7\COMCTL32.dll
0x51e00000 - 0x51ebf000 	C:\Program Files (x86)\Java\jdk1.8.0_40\jre\bin\msvcr100.dll
0x5e320000 - 0x5e6e0000 	C:\Program Files (x86)\Java\jdk1.8.0_40\jre\bin\client\jvm.dll
0x73470000 - 0x73478000 	C:\Windows\SYSTEM32\WSOCK32.dll
0x75700000 - 0x75706000 	C:\Windows\SYSTEM32\PSAPI.DLL
0x75340000 - 0x7538d000 	C:\Windows\SYSTEM32\WS2_32.dll
0x77440000 - 0x77447000 	C:\Windows\SYSTEM32\NSI.dll
0x6d8d0000 - 0x6d8dc000 	C:\Program Files (x86)\Java\jdk1.8.0_40\jre\bin\verify.dll
0x5e2f0000 - 0x5e311000 	C:\Program Files (x86)\Java\jdk1.8.0_40\jre\bin\java.dll
0x6cdd0000 - 0x6cde3000 	C:\Program Files (x86)\Java\jdk1.8.0_40\jre\bin\zip.dll
0x51fd0000 - 0x52018000 	C:\Users\darkdanito\Desktop\Mulithread_D3 GUI\D3 GUI\hello\Debug\hello.dll
0x76df0000 - 0x76e7a000 	C:\Windows\SYSTEM32\COMDLG32.dll
0x51c40000 - 0x51dff000 	C:\Windows\SYSTEM32\MSVCR120D.dll
0x51b70000 - 0x51c39000 	C:\Windows\SYSTEM32\MSVCP120D.dll
0x74de0000 - 0x74de9000 	C:\Windows\SYSTEM32\kernel.appcore.dll
0x60910000 - 0x60a58000 	C:\Windows\SYSTEM32\dbghelp.dll

VM Arguments:
java_command: JavaAssignment
java_class_path (initial): .
Launcher Type: SUN_STANDARD

Environment Variables:
PATH=C:\Program Files (x86)\Java\jdk1.8.0_40\jre\bin\client;C:\Program Files (x86)\Java\jdk1.8.0_40\bin;C:\Program Files (x86)\NVIDIA Corporation\PhysX\Common;C:\ProgramData\Oracle\Java\javapath;C:\Program Files (x86)\Intel\iCLS Client\;C:\Program Files\Intel\iCLS Client\;C:\Windows\system32;C:\Windows;C:\Windows\System32\Wbem;C:\Windows\System32\WindowsPowerShell\v1.0\;C:\Program Files\Intel\Intel(R) Management Engine Components\DAL;C:\Program Files\Intel\Intel(R) Management Engine Components\IPT;C:\Program Files (x86)\Intel\Intel(R) Management Engine Components\DAL;C:\Program Files (x86)\Intel\Intel(R) Management Engine Components\IPT;C:\Program Files (x86)\Windows Live\Shared;C:\Program Files (x86)\Windows Kits\8.1\Windows Performance Toolkit\;C:\Program Files\Microsoft SQL Server\110\Tools\Binn\;C:\Program Files (x86)\Microsoft SDKs\TypeScript\1.0\;C:\Program Files\Intel\WiFi\bin\;C:\Program Files\Common Files\Intel\WirelessCommon\;E:\Program Files (x86)\Graphviz2.38\bin;E:\Program Files\TortoiseSVN\bin;C:\Program Files\Intel\WiFi\bin\;C:\Program Files\Common Files\Intel\WirelessCommon\;C:\MinGW\bin;
USERNAME=darkdanito
OS=Windows_NT
PROCESSOR_IDENTIFIER=Intel64 Family 6 Model 69 Stepping 1, GenuineIntel



---------------  S Y S T E M  ---------------

OS: Windows 8.1 , 64 bit Build 9600 (6.3.9600.17056)

CPU:total 4 (2 cores per cpu, 2 threads per core) family 6 model 69 stepping 1, cmov, cx8, fxsr, mmx, sse, sse2, sse3, ssse3, sse4.1, sse4.2, popcnt, avx, avx2, aes, clmul, erms, rtm, lzcnt, ht, tsc, tscinvbit, bmi1, bmi2

Memory: 4k page, physical 8291784k(5293784k free), swap 9602504k(6308048k free)

vm_info: Java HotSpot(TM) Client VM (25.40-b25) for windows-x86 JRE (1.8.0_40-b25), built on Feb 10 2015 21:08:16 by "java_re" with MS VC++ 10.0 (VS2010)

time: Tue Mar 31 15:34:59 2015
elapsed time: 6 seconds (0d 0h 0m 6s)

