c:\users\darkdanito\desktop\d3 gui\d3 gui\hello\hello\debug\vc120.pdb
c:\users\darkdanito\desktop\d3 gui\d3 gui\hello\hello\debug\vc120.idb
c:\users\darkdanito\desktop\d3 gui\d3 gui\hello\hello\debug\algorithm.obj
c:\users\darkdanito\desktop\d3 gui\d3 gui\hello\hello\debug\huntkill.obj
c:\users\darkdanito\desktop\d3 gui\d3 gui\hello\hello\debug\iofile.obj
c:\users\darkdanito\desktop\d3 gui\d3 gui\hello\hello\debug\javaassignmentimpl.obj
c:\users\darkdanito\desktop\d3 gui\d3 gui\hello\hello\debug\maze.obj
c:\users\darkdanito\desktop\d3 gui\d3 gui\hello\hello\debug\recursiveback.obj
c:\users\darkdanito\desktop\d3 gui\d3 gui\hello\hello\debug\recursivebonus.obj
c:\users\darkdanito\desktop\d3 gui\d3 gui\hello\debug\hello.lib
c:\users\darkdanito\desktop\d3 gui\d3 gui\hello\debug\hello.exp
c:\users\darkdanito\desktop\d3 gui\d3 gui\hello\debug\hello.ilk
c:\users\darkdanito\desktop\d3 gui\d3 gui\hello\debug\hello.dll
c:\users\darkdanito\desktop\d3 gui\d3 gui\hello\debug\hello.pdb
c:\users\darkdanito\desktop\mulithread_d3 gui\d3 gui\hello\hello\debug\algorithm.obj
c:\users\darkdanito\desktop\mulithread_d3 gui\d3 gui\hello\hello\debug\huntkill.obj
c:\users\darkdanito\desktop\mulithread_d3 gui\d3 gui\hello\hello\debug\iofile.obj
c:\users\darkdanito\desktop\mulithread_d3 gui\d3 gui\hello\hello\debug\javaassignmentimpl.obj
c:\users\darkdanito\desktop\mulithread_d3 gui\d3 gui\hello\hello\debug\maze.obj
c:\users\darkdanito\desktop\mulithread_d3 gui\d3 gui\hello\hello\debug\recursiveback.obj
c:\users\darkdanito\desktop\mulithread_d3 gui\d3 gui\hello\hello\debug\recursivebonus.obj
c:\users\darkdanito\desktop\mulithread_d3 gui\d3 gui\hello\hello\debug\vc120.idb
c:\users\darkdanito\desktop\mulithread_d3 gui\d3 gui\hello\hello\debug\vc120.pdb
c:\users\darkdanito\desktop\mulithread_d3 gui\d3 gui\hello\debug\hello.pdb
c:\users\darkdanito\desktop\mulithread_d3 gui\d3 gui\hello\debug\hello.dll
c:\users\darkdanito\desktop\mulithread_d3 gui\d3 gui\hello\debug\hello.ilk
c:\users\darkdanito\desktop\mulithread_d3 gui\d3 gui\hello\hello\debug\hello.tlog\cl.command.1.tlog
c:\users\darkdanito\desktop\mulithread_d3 gui\d3 gui\hello\hello\debug\hello.tlog\cl.read.1.tlog
c:\users\darkdanito\desktop\mulithread_d3 gui\d3 gui\hello\hello\debug\hello.tlog\cl.write.1.tlog
c:\users\darkdanito\desktop\mulithread_d3 gui\d3 gui\hello\hello\debug\hello.tlog\hello.write.1u.tlog
c:\users\darkdanito\desktop\mulithread_d3 gui\d3 gui\hello\hello\debug\hello.tlog\link.command.1.tlog
c:\users\darkdanito\desktop\mulithread_d3 gui\d3 gui\hello\hello\debug\hello.tlog\link.read.1.tlog
c:\users\darkdanito\desktop\mulithread_d3 gui\d3 gui\hello\hello\debug\hello.tlog\link.write.1.tlog
